[debug] [2022-09-08T22:14:47.350Z] ----------------------------------------------------------------------
[debug] [2022-09-08T22:14:47.351Z] Command:       /usr/local/bin/node /usr/local/bin/firebase init
[debug] [2022-09-08T22:14:47.351Z] CLI Version:   11.8.1
[debug] [2022-09-08T22:14:47.351Z] Platform:      darwin
[debug] [2022-09-08T22:14:47.352Z] Node Version:  v16.15.0
[debug] [2022-09-08T22:14:47.352Z] Time:          Fri Sep 09 2022 00:14:47 GMT+0200 (Mitteleuropäische Sommerzeit)
[debug] [2022-09-08T22:14:47.353Z] ----------------------------------------------------------------------
[debug] 
[debug] [2022-09-08T22:14:47.355Z] > command requires scopes: ["email","openid","https://www.googleapis.com/auth/cloudplatformprojects.readonly","https://www.googleapis.com/auth/firebase","https://www.googleapis.com/auth/cloud-platform"]
[debug] [2022-09-08T22:14:47.355Z] > authorizing via signed-in user (gero.walther@gmail.com)
[info] 
     ######## #### ########  ######## ########     ###     ######  ########
     ##        ##  ##     ## ##       ##     ##  ##   ##  ##       ##
     ######    ##  ########  ######   ########  #########  ######  ######
     ##        ##  ##    ##  ##       ##     ## ##     ##       ## ##
     ##       #### ##     ## ######## ########  ##     ##  ######  ########

You're about to initialize a Firebase project in this directory:

  /Users/gerowalther/Desktop/09-time-to-practice-react-router-v5

[info] 
=== Project Setup
[info] 
[info] First, let's associate this project directory with a Firebase project.
[info] You can create multiple project aliases by running firebase use --add, 
[info] but for now we'll just set up a default project.
[info] 
[debug] [2022-09-08T22:16:48.368Z] >>> [apiv2][query] GET https://firebase.googleapis.com/v1beta1/projects pageSize=100
[debug] [2022-09-08T22:16:48.929Z] <<< [apiv2][status] GET https://firebase.googleapis.com/v1beta1/projects 200
[debug] [2022-09-08T22:16:48.930Z] <<< [apiv2][body] GET https://firebase.googleapis.com/v1beta1/projects [omitted]
[info] i  Using project react-h-8f68a (react-http) 
[info] 
=== Hosting Setup
[info] 
[info] Your public directory is the folder (relative to your project directory) that
[info] will contain Hosting assets to be uploaded with firebase deploy. If you
[info] have a build process for your assets, use your build's output directory.
[info] 
[debug] [2022-09-08T22:22:39.908Z] >>> [apiv2][query] GET https://www.gstatic.com/firebasejs/releases.json [none]
[debug] [2022-09-08T22:22:40.052Z] <<< [apiv2][status] GET https://www.gstatic.com/firebasejs/releases.json 200
[debug] [2022-09-08T22:22:40.052Z] <<< [apiv2][body] GET https://www.gstatic.com/firebasejs/releases.json {"current":{"version":"9.9.4","browserURL":"https://www.gstatic.com/firebasejs/9.9.4/firebase.js","packageURL":"https://www.gstatic.com/firebasejs/9.9.4/firebase.tgz"},"live":{"version":"9.9","browserURL":"https://www.gstatic.com/firebasejs/live/9.9/firebase.js","packageURL":"https://www.gstatic.com/firebasejs/live/9.9/firebase.tgz"},"components":{"analytics":"https://www.gstatic.com/firebasejs/9.9.4/firebase-analytics.js","app":"https://www.gstatic.com/firebasejs/9.9.4/firebase-app.js","app-check":"https://www.gstatic.com/firebasejs/9.9.4/firebase-app-check.js","auth":"https://www.gstatic.com/firebasejs/9.9.4/firebase-auth.js","auth/cordova":"https://www.gstatic.com/firebasejs/9.9.4/firebase-auth/cordova.js","auth/react-native":"https://www.gstatic.com/firebasejs/9.9.4/firebase-auth/react-native.js","functions":"https://www.gstatic.com/firebasejs/9.9.4/firebase-functions.js","firestore":"https://www.gstatic.com/firebasejs/9.9.4/firebase-firestore.js","firestore/lite":"https://www.gstatic.com/firebasejs/9.9.4/firebase-firestore/lite.js","installations":"https://www.gstatic.com/firebasejs/9.9.4/firebase-installations.js","storage":"https://www.gstatic.com/firebasejs/9.9.4/firebase-storage.js","performance":"https://www.gstatic.com/firebasejs/9.9.4/firebase-performance.js","remote-config":"https://www.gstatic.com/firebasejs/9.9.4/firebase-remote-config.js","messaging":"https://www.gstatic.com/firebasejs/9.9.4/firebase-messaging.js","messaging/sw":"https://www.gstatic.com/firebasejs/9.9.4/firebase-messaging/sw.js","database":"https://www.gstatic.com/firebasejs/9.9.4/firebase-database.js","firestore.memory":"https://www.gstatic.com/firebasejs/9.9.4/firebase-firestore.memory.js"}}
[info] i  Skipping write of build/index.html 
[info] 
[info] i  Didn't detect a .git folder. Assuming /Users/gerowalther/Desktop/09-time-to-practice-react-router-v5 is the project root. 
[info] i  Authorizing with GitHub to upload your service account to a GitHub repository's secrets store. 
[info] 
[info] Visit this URL on this device to log in:
[info] https://github.com/login/oauth/authorize?client_id=89cf50f02ac6aaed3484&state=158941844&redirect_uri=http%3A%2F%2Flocalhost%3A9005&scope=read%3Auser%20repo%20public_repo
[info] 
[info] Waiting for authentication...
[debug] [2022-09-08T22:29:44.125Z] >>> [apiv2][query] POST https://github.com/login/oauth/access_token [none]
[debug] [2022-09-08T22:29:44.127Z] >>> [apiv2][body] POST https://github.com/login/oauth/access_token [stream]
[debug] [2022-09-08T22:29:44.490Z] <<< [apiv2][status] POST https://github.com/login/oauth/access_token 200
[debug] [2022-09-08T22:29:44.491Z] <<< [apiv2][body] POST https://github.com/login/oauth/access_token {"access_token":"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","token_type":"bearer","scope":"read:user,repo"}
[debug] [2022-09-08T22:29:44.514Z] >>> [apiv2][query] GET https://api.github.com/user [none]
[debug] [2022-09-08T22:29:44.878Z] <<< [apiv2][status] GET https://api.github.com/user 200
[debug] [2022-09-08T22:29:44.879Z] <<< [apiv2][body] GET https://api.github.com/user {"login":"GeroWalther","id":104440561,"node_id":"U_kgDOBjmi8Q","avatar_url":"https://avatars.githubusercontent.com/u/104440561?v=4","gravatar_id":"","url":"https://api.github.com/users/GeroWalther","html_url":"https://github.com/GeroWalther","followers_url":"https://api.github.com/users/GeroWalther/followers","following_url":"https://api.github.com/users/GeroWalther/following{/other_user}","gists_url":"https://api.github.com/users/GeroWalther/gists{/gist_id}","starred_url":"https://api.github.com/users/GeroWalther/starred{/owner}{/repo}","subscriptions_url":"https://api.github.com/users/GeroWalther/subscriptions","organizations_url":"https://api.github.com/users/GeroWalther/orgs","repos_url":"https://api.github.com/users/GeroWalther/repos","events_url":"https://api.github.com/users/GeroWalther/events{/privacy}","received_events_url":"https://api.github.com/users/GeroWalther/received_events","type":"User","site_admin":false,"name":null,"company":null,"blog":"","location":null,"email":null,"hireable":null,"bio":null,"twitter_username":null,"public_repos":11,"public_gists":0,"followers":0,"following":0,"created_at":"2022-04-26T13:28:28Z","updated_at":"2022-09-08T22:27:37Z","private_gists":0,"total_private_repos":1,"owned_private_repos":1,"disk_usage":116007,"collaborators":0,"two_factor_authentication":false,"plan":{"name":"free","space":976562499,"collaborators":0,"private_repos":10000}}
[info] 
[info] ✔  Success! Logged into GitHub as GeroWalther 
[info] 
[debug] [2022-09-08T22:31:24.581Z] >>> [apiv2][query] GET https://api.github.com/repos/greatQuotesReact/actions/secrets/public-key type=owner
[debug] [2022-09-08T22:31:24.904Z] <<< [apiv2][status] GET https://api.github.com/repos/greatQuotesReact/actions/secrets/public-key 404
[debug] [2022-09-08T22:31:24.905Z] <<< [apiv2][body] GET https://api.github.com/repos/greatQuotesReact/actions/secrets/public-key {"message":"Not Found","documentation_url":"https://docs.github.com/rest"}
[debug] [2022-09-08T22:31:40.030Z] >>> [apiv2][query] GET https://api.github.com/repos/GeroWalther/greatQuotesReact/actions/secrets/public-key type=owner
[debug] [2022-09-08T22:31:40.332Z] <<< [apiv2][status] GET https://api.github.com/repos/GeroWalther/greatQuotesReact/actions/secrets/public-key 404
[debug] [2022-09-08T22:31:40.332Z] <<< [apiv2][body] GET https://api.github.com/repos/GeroWalther/greatQuotesReact/actions/secrets/public-key {"message":"Not Found","documentation_url":"https://docs.github.com/rest/reference/actions#get-a-repository-public-key"}
[debug] [2022-09-08T22:31:40.776Z] >>> [apiv2][query] GET https://api.github.com/repos/GeroWalther/greatQuotesReact/actions/secrets/public-key type=owner
[debug] [2022-09-08T22:31:41.078Z] <<< [apiv2][status] GET https://api.github.com/repos/GeroWalther/greatQuotesReact/actions/secrets/public-key 404
[debug] [2022-09-08T22:31:41.078Z] <<< [apiv2][body] GET https://api.github.com/repos/GeroWalther/greatQuotesReact/actions/secrets/public-key {"message":"Not Found","documentation_url":"https://docs.github.com/rest/reference/actions#get-a-repository-public-key"}
[debug] [2022-09-08T22:31:43.996Z] >>> [apiv2][query] GET https://api.github.com/repos/GeroWalther/greatQuotesReact/actions/secrets/public-key type=owner
[debug] [2022-09-08T22:31:44.189Z] >>> [apiv2][query] GET https://api.github.com/repos//actions/secrets/public-key type=owner
[debug] [2022-09-08T22:31:44.300Z] <<< [apiv2][status] GET https://api.github.com/repos/GeroWalther/greatQuotesReact/actions/secrets/public-key 404
[debug] [2022-09-08T22:31:44.300Z] <<< [apiv2][body] GET https://api.github.com/repos/GeroWalther/greatQuotesReact/actions/secrets/public-key {"message":"Not Found","documentation_url":"https://docs.github.com/rest/reference/actions#get-a-repository-public-key"}
[debug] [2022-09-08T22:31:44.375Z] >>> [apiv2][query] GET https://api.github.com/repos/GeroWalther/greatQuotesReact/actions/secrets/public-key type=owner
[debug] [2022-09-08T22:31:44.459Z] <<< [apiv2][status] GET https://api.github.com/repos//actions/secrets/public-key 404
[debug] [2022-09-08T22:31:44.459Z] <<< [apiv2][body] GET https://api.github.com/repos//actions/secrets/public-key {"message":"Not Found","documentation_url":"https://docs.github.com/rest"}
[debug] [2022-09-08T22:31:44.684Z] <<< [apiv2][status] GET https://api.github.com/repos/GeroWalther/greatQuotesReact/actions/secrets/public-key 404
[debug] [2022-09-08T22:31:44.684Z] <<< [apiv2][body] GET https://api.github.com/repos/GeroWalther/greatQuotesReact/actions/secrets/public-key {"message":"Not Found","documentation_url":"https://docs.github.com/rest/reference/actions#get-a-repository-public-key"}
